Determining if the pthread_create exist failed with the following output:
Change Dir: /home/christian/workspace/SCAVE2/dev/src/cpp/.build/CMakeFiles/CMakeTmp

Run Build Command:"/usr/bin/make" "cmTC_2aa30/fast"
make: Warning: File 'Makefile' has modification time 0.29 s in the future
/usr/bin/make -f CMakeFiles/cmTC_2aa30.dir/build.make CMakeFiles/cmTC_2aa30.dir/build
make[1]: Entering directory '/home/christian/workspace/SCAVE2/dev/src/cpp/.build/CMakeFiles/CMakeTmp'
make[1]: Warning: File 'CMakeFiles/cmTC_2aa30.dir/flags.make' has modification time 0.28 s in the future
Building C object CMakeFiles/cmTC_2aa30.dir/CheckSymbolExists.c.o
/usr/bin/cc    -o CMakeFiles/cmTC_2aa30.dir/CheckSymbolExists.c.o   -c /home/christian/workspace/SCAVE2/dev/src/cpp/.build/CMakeFiles/CMakeTmp/CheckSymbolExists.c
Linking C executable cmTC_2aa30
/usr/bin/cmake -E cmake_link_script CMakeFiles/cmTC_2aa30.dir/link.txt --verbose=1
/usr/bin/cc      -rdynamic CMakeFiles/cmTC_2aa30.dir/CheckSymbolExists.c.o  -o cmTC_2aa30 
CMakeFiles/cmTC_2aa30.dir/CheckSymbolExists.c.o: In function `main':
CheckSymbolExists.c:(.text+0x1b): undefined reference to `pthread_create'
collect2: error: ld returned 1 exit status
CMakeFiles/cmTC_2aa30.dir/build.make:97: recipe for target 'cmTC_2aa30' failed
make[1]: *** [cmTC_2aa30] Error 1
make[1]: Leaving directory '/home/christian/workspace/SCAVE2/dev/src/cpp/.build/CMakeFiles/CMakeTmp'
Makefile:126: recipe for target 'cmTC_2aa30/fast' failed
make: *** [cmTC_2aa30/fast] Error 2

File /home/christian/workspace/SCAVE2/dev/src/cpp/.build/CMakeFiles/CMakeTmp/CheckSymbolExists.c:
/* */
#include <pthread.h>

int main(int argc, char** argv)
{
  (void)argv;
#ifndef pthread_create
  return ((int*)(&pthread_create))[argc];
#else
  (void)argc;
  return 0;
#endif
}

Determining if the function pthread_create exists in the pthreads failed with the following output:
Change Dir: /home/christian/workspace/SCAVE2/dev/src/cpp/.build/CMakeFiles/CMakeTmp

Run Build Command:"/usr/bin/make" "cmTC_374d4/fast"
make: Warning: File 'Makefile' has modification time 0.29 s in the future
/usr/bin/make -f CMakeFiles/cmTC_374d4.dir/build.make CMakeFiles/cmTC_374d4.dir/build
make[1]: Entering directory '/home/christian/workspace/SCAVE2/dev/src/cpp/.build/CMakeFiles/CMakeTmp'
make[1]: Warning: File 'CMakeFiles/cmTC_374d4.dir/flags.make' has modification time 0.27 s in the future
Building C object CMakeFiles/cmTC_374d4.dir/CheckFunctionExists.c.o
/usr/bin/cc   -DCHECK_FUNCTION_EXISTS=pthread_create   -o CMakeFiles/cmTC_374d4.dir/CheckFunctionExists.c.o   -c /usr/share/cmake-3.9/Modules/CheckFunctionExists.c
Linking C executable cmTC_374d4
/usr/bin/cmake -E cmake_link_script CMakeFiles/cmTC_374d4.dir/link.txt --verbose=1
/usr/bin/cc  -DCHECK_FUNCTION_EXISTS=pthread_create    -rdynamic CMakeFiles/cmTC_374d4.dir/CheckFunctionExists.c.o  -o cmTC_374d4 -lpthreads 
/usr/bin/ld: cannot find -lpthreads
collect2: error: ld returned 1 exit status
CMakeFiles/cmTC_374d4.dir/build.make:97: recipe for target 'cmTC_374d4' failed
make[1]: *** [cmTC_374d4] Error 1
make[1]: Leaving directory '/home/christian/workspace/SCAVE2/dev/src/cpp/.build/CMakeFiles/CMakeTmp'
Makefile:126: recipe for target 'cmTC_374d4/fast' failed
make: *** [cmTC_374d4/fast] Error 2


